<?xml version="1.0" encoding="UTF-8"?>
<!-- Generated by org.testng.reporters.JUnitXMLReporter -->
<testsuite ignored="5" hostname="Hisu" failures="0" tests="1" name="Default test" time="3.171" errors="0" timestamp="2024-04-09T09:07:08 ICT">
  <testcase classname="group1.dao.CongThucDaoTestDP" name="updateTest" time="3.13"/>
  <testcase classname="group1.dao.CongThucDaoTestDP" name="updateTestFail" time="0.0">
    <ignored/>
  </testcase> <!-- updateTestFail -->
  <testcase classname="group1.dao.CongThucDaoTestDP" name="insertTest" time="0.0">
    <ignored/>
  </testcase> <!-- insertTest -->
  <testcase classname="group1.dao.CongThucDaoTestDP" name="testFind" time="0.0">
    <ignored/>
  </testcase> <!-- testFind -->
  <testcase classname="group1.dao.CongThucDaoTestDP" name="deleteTest" time="0.0">
    <ignored/>
  </testcase> <!-- deleteTest -->
  <testcase classname="group1.dao.CongThucDaoTestDP" name="insertTestFail" time="0.0">
    <ignored/>
  </testcase> <!-- insertTestFail -->
</testsuite> <!-- Default test -->
