<?xml version="1.0" encoding="UTF-8"?>
<testng-results ignored="0" total="1" passed="1" failed="0" skipped="0">
  <reporter-output>
  </reporter-output>
  <suite started-at="2024-04-09T09:07:05 ICT" name="Default suite" finished-at="2024-04-09T09:07:08 ICT" duration-ms="3171">
    <groups>
    </groups>
    <test started-at="2024-04-09T09:07:05 ICT" name="Default test" finished-at="2024-04-09T09:07:08 ICT" duration-ms="3171">
      <class name="group1.dao.CongThucDaoTestDP">
        <test-method signature="updateTest()[pri:0, instance:group1.dao.CongThucDaoTestDP@5fe94a96]" started-at="2024-04-09T09:07:05 ICT" name="updateTest" finished-at="2024-04-09T09:07:08 ICT" duration-ms="3130" status="PASS">
          <reporter-output>
          </reporter-output>
        </test-method> <!-- updateTest -->
      </class> <!-- group1.dao.CongThucDaoTestDP -->
    </test> <!-- Default test -->
  </suite> <!-- Default suite -->
</testng-results>
